<?xml version="1.0" encoding="UTF-8"?>
<testng-results ignored="0" total="1" passed="1" failed="0" skipped="0">
  <reporter-output>
  </reporter-output>
  <suite started-at="2024-11-26T07:50:36 IST" name="Suite" finished-at="2024-11-26T07:50:40 IST" duration-ms="3685">
    <groups>
    </groups>
    <test started-at="2024-11-26T07:50:36 IST" name="Test" finished-at="2024-11-26T07:50:40 IST" duration-ms="3685">
      <class name="testcases.TC001">
        <test-method signature="tc001()[pri:0, instance:testcases.TC001@957e06]" started-at="2024-11-26T07:50:36 IST" name="tc001" finished-at="2024-11-26T07:50:40 IST" duration-ms="3608" status="PASS">
          <reporter-output>
          </reporter-output>
        </test-method> <!-- tc001 -->
      </class> <!-- testcases.TC001 -->
    </test> <!-- Test -->
  </suite> <!-- Suite -->
</testng-results>
